<?xml version="1.0" encoding="UTF-8"?>
<!-- Generated by org.testng.reporters.JUnitXMLReporter -->
<testsuite ignored="2" hostname="Furkans-MBP.lan" failures="1" tests="4" name="furkan smoke Test" time="98.291" errors="0" timestamp="2021-01-25T13:50:10 CST">
  <testcase classname="furkan.Sprint1SignInTest" name="negativeSignIn" time="10.496"/>
  <testcase classname="furkan.Sprint1SignInTest" name="negativeSignIn" time="21.086">
    <failure type="java.lang.AssertionError">
      <![CDATA[java.lang.AssertionError: 
at furkan.Sprint1SignInTest.negativeSignIn(Sprint1SignInTest.java:45)
at java.base/java.util.ArrayList.forEach(ArrayList.java:1510)
... Removed 30 stack frames]]>
    </failure>
  </testcase> <!-- negativeSignIn -->
  <testcase classname="furkan.Sprint1SignInTest" name="positiveSignIn" time="30.781"/>
  <testcase classname="furkan.Sprint2SignOutTest" name="signOut" time="22.737"/>
  <testcase classname="furkan.TestBase" name="@BeforeSuite setUpReport" time="0.0">
    <ignored/>
  </testcase> <!-- @BeforeSuite setUpReport -->
  <testcase classname="furkan.TestBase" name="@AfterSuite tearDownReport" time="0.0">
    <ignored/>
  </testcase> <!-- @AfterSuite tearDownReport -->
</testsuite> <!-- furkan smoke Test -->
