<!DOCTYPE html>

<html>
  <head>
  <meta charset='utf-8'>
  <title>TestNG reports</title>

    <link type="text/css" href="testng-reports1.css" rel="stylesheet" id="ultra" />
    <link type="text/css" href="testng-reports.css" rel="stylesheet" id="retro" disabled="false"/>
    <script type="text/javascript" src="jquery-3.4.1.min.js"></script>
    <script type="text/javascript" src="testng-reports.js"></script>
    <script type="text/javascript" src="https://www.google.com/jsapi"></script>
    <script type='text/javascript'>
      google.load('visualization', '1', {packages:['table']});
      google.setOnLoadCallback(drawTable);
      var suiteTableInitFunctions = new Array();
      var suiteTableData = new Array();
    </script>
    <!--
      <script type="text/javascript" src="jquery-ui/js/jquery-ui-1.8.16.custom.min.js"></script>
     -->
  </head>

  <body>
    <div class="top-banner-root">
      <span class="top-banner-title-font">Test results</span>
      <button class="button" id="button">Switch Retro Theme</button> <!-- button -->
      <br/>
<<<<<<< HEAD
      <span class="top-banner-font-1">1 suite</span>
=======
<<<<<<< HEAD
      <span class="top-banner-font-1">1 suite, 3 failed tests</span>
=======
      <span class="top-banner-font-1">1 suite, 1 failed test</span>
>>>>>>> 77cebd4f43fa77ea2730773454b7e9a3729dc1f4
>>>>>>> fa568acf8d530b374de9b258a7579acdaafa9ca0
    </div> <!-- top-banner-root -->
    <div class="navigator-root">
      <div class="navigator-suite-header">
        <span>All suites</span>
        <a href="#" class="collapse-all-link" title="Collapse/expand all the suites">
          <img class="collapse-all-icon" src="collapseall.gif">
          </img> <!-- collapse-all-icon -->
        </a> <!-- collapse-all-link -->
      </div> <!-- navigator-suite-header -->
      <div class="suite">
        <div class="rounded-window">
          <div class="suite-header light-rounded-window-top">
            <a href="#" class="navigator-link" panel-name="suite-Default_suite">
              <span class="suite-name border-passed">Default suite</span>
            </a> <!-- navigator-link -->
          </div> <!-- suite-header light-rounded-window-top -->
          <div class="navigator-suite-content">
            <div class="suite-section-title">
              <span>Info</span>
            </div> <!-- suite-section-title -->
            <div class="suite-section-content">
              <ul>
                <li>
                  <a href="#" class="navigator-link " panel-name="test-xml-Default_suite">
<<<<<<< HEAD
                    <span>C:\Users\Elena P\AppData\Local\Temp\testng-eclipse--2073342007\testng-customsuite.xml</span>
=======
<<<<<<< HEAD
                    <span>C:\Users\tasia\AppData\Local\Temp\testng-eclipse--1214505399\testng-customsuite.xml</span>
=======
                    <span>C:\Users\Elena P\AppData\Local\Temp\testng-eclipse--1441377481\testng-customsuite.xml</span>
>>>>>>> 77cebd4f43fa77ea2730773454b7e9a3729dc1f4
>>>>>>> fa568acf8d530b374de9b258a7579acdaafa9ca0
                  </a> <!-- navigator-link  -->
                </li>
                <li>
                  <a href="#" class="navigator-link " panel-name="testlist-Default_suite">
                    <span class="test-stats">1 test</span>
                  </a> <!-- navigator-link  -->
                </li>
                <li>
                  <a href="#" class="navigator-link " panel-name="group-Default_suite">
                    <span>0 groups</span>
                  </a> <!-- navigator-link  -->
                </li>
                <li>
                  <a href="#" class="navigator-link " panel-name="times-Default_suite">
                    <span>Times</span>
                  </a> <!-- navigator-link  -->
                </li>
                <li>
                  <a href="#" class="navigator-link " panel-name="reporter-Default_suite">
                    <span>Reporter output</span>
                  </a> <!-- navigator-link  -->
                </li>
                <li>
                  <a href="#" class="navigator-link " panel-name="ignored-methods-Default_suite">
                    <span>Ignored methods</span>
                  </a> <!-- navigator-link  -->
                </li>
                <li>
                  <a href="#" class="navigator-link " panel-name="chronological-Default_suite">
                    <span>Chronological view</span>
                  </a> <!-- navigator-link  -->
                </li>
              </ul>
            </div> <!-- suite-section-content -->
            <div class="result-section">
              <div class="suite-section-title">
                <span>Results</span>
              </div> <!-- suite-section-title -->
              <div class="suite-section-content">
                <ul>
                  <li>
<<<<<<< HEAD
                    <span class="method-stats">1 method,   1 passed</span>
=======
<<<<<<< HEAD
                    <span class="method-stats">3 methods, 3 failed,   </span>
=======
                    <span class="method-stats">6 methods, 1 failed,   5 passed</span>
>>>>>>> 77cebd4f43fa77ea2730773454b7e9a3729dc1f4
                  </li>
                  <li>
                    <span class="method-list-title failed">Failed methods</span>
                    <span class="show-or-hide-methods failed">
                      <a href="#" panel-name="suite-Default_suite" class="hide-methods failed suite-Default_suite"> (hide)</a> <!-- hide-methods failed suite-Default_suite -->
                      <a href="#" panel-name="suite-Default_suite" class="show-methods failed suite-Default_suite"> (show)</a> <!-- show-methods failed suite-Default_suite -->
                    </span>
                    <div class="method-list-content failed suite-Default_suite">
                      <span>
                        <img width="3%" src="failed.png"/>
<<<<<<< HEAD
                        <a href="#" class="method navigator-link" panel-name="suite-Default_suite" title="nastya.Sprint2TradeInTest" hash-for-method="tradeYourCar(2015, Honda, Civic, 9000)">tradeYourCar(2015, Honda, Civic, 9000)</a> <!-- method navigator-link -->
                      </span>
                      <br/>
                      <span>
                        <img width="3%" src="failed.png"/>
                        <a href="#" class="method navigator-link" panel-name="suite-Default_suite" title="nastya.Sprint2TradeInTest" hash-for-method="tradeYourCar(2013, Volkswagen, Jetta, 190000)">tradeYourCar(2013, Volkswagen, Jetta, 190000)</a> <!-- method navigator-link -->
                      </span>
                      <br/>
                      <span>
                        <img width="3%" src="failed.png"/>
                        <a href="#" class="method navigator-link" panel-name="suite-Default_suite" title="nastya.Sprint2TradeInTest" hash-for-method="tradeYourCar(2009, Mercedes-Benz, ML550, 7000)">tradeYourCar(2009, Mercedes-Benz, ML550, 7000)</a> <!-- method navigator-link -->
                      </span>
                      <br/>
                    </div> <!-- method-list-content failed suite-Default_suite -->
=======
                        <a href="#" class="method navigator-link" panel-name="suite-Default_suite" title="elena.Sprint2DataPrTitleCheckTest" hash-for-method="titleCheck(Dodge)">titleCheck(Dodge)</a> <!-- method navigator-link -->
                      </span>
                      <br/>
                    </div> <!-- method-list-content failed suite-Default_suite -->
>>>>>>> fa568acf8d530b374de9b258a7579acdaafa9ca0
                  </li>
                  <li>
                    <span class="method-list-title passed">Passed methods</span>
                    <span class="show-or-hide-methods passed">
                      <a href="#" panel-name="suite-Default_suite" class="hide-methods passed suite-Default_suite"> (hide)</a> <!-- hide-methods passed suite-Default_suite -->
                      <a href="#" panel-name="suite-Default_suite" class="show-methods passed suite-Default_suite"> (show)</a> <!-- show-methods passed suite-Default_suite -->
                    </span>
                    <div class="method-list-content passed suite-Default_suite">
                      <span>
<<<<<<< HEAD
                        <img src="passed.png" width="3%"/>
                        <a href="#" panel-name="suite-Default_suite" title="furkan.Sprint2TradeInTest" class="method navigator-link" hash-for-method="tradeIn">tradeIn</a> <!-- method navigator-link -->
=======
                        <img width="3%" src="passed.png"/>
<<<<<<< HEAD
                        <a href="#" class="method navigator-link" panel-name="suite-Default_suite" title="elena.Sprint2ShopByYearTest" hash-for-method="shopByYear">shopByYear</a> <!-- method navigator-link -->
=======
                        <a href="#" class="method navigator-link" panel-name="suite-Default_suite" title="elena.Sprint2DataPrTitleCheckTest" hash-for-method="titleCheck(Ford)">titleCheck(Ford)</a> <!-- method navigator-link -->
                      </span>
                      <br/>
                      <span>
                        <img width="3%" src="passed.png"/>
                        <a href="#" class="method navigator-link" panel-name="suite-Default_suite" title="elena.Sprint2DataPrTitleCheckTest" hash-for-method="titleCheck(GMC)">titleCheck(GMC)</a> <!-- method navigator-link -->
                      </span>
                      <br/>
                      <span>
                        <img width="3%" src="passed.png"/>
                        <a href="#" class="method navigator-link" panel-name="suite-Default_suite" title="elena.Sprint2DataPrTitleCheckTest" hash-for-method="titleCheck(Toyota)">titleCheck(Toyota)</a> <!-- method navigator-link -->
                      </span>
                      <br/>
                      <span>
                        <img width="3%" src="passed.png"/>
                        <a href="#" class="method navigator-link" panel-name="suite-Default_suite" title="elena.Sprint2DataPrTitleCheckTest" hash-for-method="titleCheck(Chevrolet)">titleCheck(Chevrolet)</a> <!-- method navigator-link -->
                      </span>
                      <br/>
                      <span>
                        <img width="3%" src="passed.png"/>
                        <a href="#" class="method navigator-link" panel-name="suite-Default_suite" title="elena.Sprint2DataPrTitleCheckTest" hash-for-method="titleCheck(Lexus)">titleCheck(Lexus)</a> <!-- method navigator-link -->
>>>>>>> 463c47c105f8731c3e1cd37c8420d40efe4d02a4
>>>>>>> fa568acf8d530b374de9b258a7579acdaafa9ca0
                      </span>
                      <br/>
                    </div> <!-- method-list-content passed suite-Default_suite -->
>>>>>>> 77cebd4f43fa77ea2730773454b7e9a3729dc1f4
                  </li>
                </ul>
              </div> <!-- suite-section-content -->
            </div> <!-- result-section -->
          </div> <!-- navigator-suite-content -->
        </div> <!-- rounded-window -->
      </div> <!-- suite -->
    </div> <!-- navigator-root -->
    <div class="wrapper">
      <div class="main-panel-root">
        <div panel-name="suite-Default_suite" class="panel Default_suite">
<<<<<<< HEAD
          <div class="suite-Default_suite-class-passed">
            <div class="main-panel-header rounded-window-top">
              <img src="passed.png"/>
              <span class="class-name">elena.Sprint2ShopByYearTest</span>
=======
          <div class="suite-Default_suite-class-failed">
            <div class="main-panel-header rounded-window-top">
              <img src="failed.png"/>
<<<<<<< HEAD
              <span class="class-name">nastya.Sprint2TradeInTest</span>
=======
              <span class="class-name">elena.Sprint2DataPrTitleCheckTest</span>
>>>>>>> 77cebd4f43fa77ea2730773454b7e9a3729dc1f4
            </div> <!-- main-panel-header rounded-window-top -->
            <div class="main-panel-content rounded-window-bottom">
              <div class="method">
                <div class="method-content">
<<<<<<< HEAD
                  <a name="tradeYourCar(2015, Honda, Civic, 9000)">
                  </a> <!-- tradeYourCar(2015, Honda, Civic, 9000) -->
                  <span class="method-name">tradeYourCar</span>
                  <span class="parameters">(2015, Honda, Civic, 9000)</span>
                  <div class="stack-trace">org.openqa.selenium.NoSuchElementException: no such element: Unable to locate element: {&quot;method&quot;:&quot;xpath&quot;,&quot;selector&quot;:&quot;(//input[@class=&apos;mdc-text-field__input&apos;])[3]&quot;}
  (Session info: chrome=88.0.4324.104)
For documentation on this error, please visit: https://www.seleniumhq.org/exceptions/no_such_element.html
Build info: version: &apos;3.141.59&apos;, revision: &apos;e82be7d358&apos;, time: &apos;2018-11-14T08:17:03&apos;
System info: host: &apos;DESKTOP-AGAQ1MP&apos;, ip: &apos;192.168.1.249&apos;, os.name: &apos;Windows 10&apos;, os.arch: &apos;amd64&apos;, os.version: &apos;10.0&apos;, java.version: &apos;1.8.0_261&apos;
Driver info: org.openqa.selenium.chrome.ChromeDriver
Capabilities {acceptInsecureCerts: false, browserName: chrome, browserVersion: 88.0.4324.104, chrome: {chromedriverVersion: 88.0.4324.96 (68dba2d8a0b14..., userDataDir: C:\Users\tasia\AppData\Loca...}, goog:chromeOptions: {debuggerAddress: localhost:50988}, javascriptEnabled: true, networkConnectionEnabled: false, pageLoadStrategy: normal, platform: WINDOWS, platformName: WINDOWS, proxy: Proxy(), setWindowRect: true, strictFileInteractability: false, timeouts: {implicit: 0, pageLoad: 300000, script: 30000}, unhandledPromptBehavior: dismiss and notify, webauthn:extension:largeBlob: true, webauthn:virtualAuthenticators: true}
Session ID: 283938adfe70133fc5924d59484a5d68
*** Element info: {Using=xpath, value=(//input[@class=&apos;mdc-text-field__input&apos;])[3]}
=======
                  <a name="titleCheck(Dodge)">
                  </a> <!-- titleCheck(Dodge) -->
                  <span class="method-name">titleCheck</span>
                  <span class="parameters">(Dodge)</span>
                  <div class="stack-trace">org.openqa.selenium.NoSuchElementException: no such element: Unable to locate element: {&quot;method&quot;:&quot;xpath&quot;,&quot;selector&quot;:&quot;(//*[@class=&apos;shop-by-lifestyle-img&apos;])[2]&quot;}
  (Session info: chrome=87.0.4280.141)
For documentation on this error, please visit: https://www.seleniumhq.org/exceptions/no_such_element.html
Build info: version: &apos;3.141.59&apos;, revision: &apos;e82be7d358&apos;, time: &apos;2018-11-14T08:17:03&apos;
System info: host: &apos;THOMAS-PC&apos;, ip: &apos;192.168.200.9&apos;, os.name: &apos;Windows 10&apos;, os.arch: &apos;amd64&apos;, os.version: &apos;10.0&apos;, java.version: &apos;1.8.0_251&apos;
Driver info: org.openqa.selenium.chrome.ChromeDriver
Capabilities {acceptInsecureCerts: false, browserName: chrome, browserVersion: 87.0.4280.141, chrome: {chromedriverVersion: 87.0.4280.88 (89e2380a3e36c..., userDataDir: C:\Users\ELENAP~1\AppData\L...}, goog:chromeOptions: {debuggerAddress: localhost:63871}, javascriptEnabled: true, networkConnectionEnabled: false, pageLoadStrategy: normal, platform: WINDOWS, platformName: WINDOWS, proxy: Proxy(), setWindowRect: true, strictFileInteractability: false, timeouts: {implicit: 0, pageLoad: 300000, script: 30000}, unhandledPromptBehavior: dismiss and notify, webauthn:virtualAuthenticators: true}
Session ID: 49193986acb24506cb58e30dd0b56fa8
*** Element info: {Using=xpath, value=(//*[@class=&apos;shop-by-lifestyle-img&apos;])[2]}
>>>>>>> 77cebd4f43fa77ea2730773454b7e9a3729dc1f4
	at sun.reflect.NativeConstructorAccessorImpl.newInstance0(Native Method)
	at sun.reflect.NativeConstructorAccessorImpl.newInstance(Unknown Source)
	at sun.reflect.DelegatingConstructorAccessorImpl.newInstance(Unknown Source)
	at java.lang.reflect.Constructor.newInstance(Unknown Source)
	at org.openqa.selenium.remote.http.W3CHttpResponseCodec.createException(W3CHttpResponseCodec.java:187)
	at org.openqa.selenium.remote.http.W3CHttpResponseCodec.decode(W3CHttpResponseCodec.java:122)
	at org.openqa.selenium.remote.http.W3CHttpResponseCodec.decode(W3CHttpResponseCodec.java:49)
	at org.openqa.selenium.remote.HttpCommandExecutor.execute(HttpCommandExecutor.java:158)
	at org.openqa.selenium.remote.service.DriverCommandExecutor.execute(DriverCommandExecutor.java:83)
	at org.openqa.selenium.remote.RemoteWebDriver.execute(RemoteWebDriver.java:552)
	at org.openqa.selenium.remote.RemoteWebDriver.findElement(RemoteWebDriver.java:323)
	at org.openqa.selenium.remote.RemoteWebDriver.findElementByXPath(RemoteWebDriver.java:428)
	at org.openqa.selenium.By$ByXPath.findElement(By.java:353)
	at org.openqa.selenium.remote.RemoteWebDriver.findElement(RemoteWebDriver.java:315)
	at org.openqa.selenium.support.pagefactory.DefaultElementLocator.findElement(DefaultElementLocator.java:69)
	at org.openqa.selenium.support.pagefactory.internal.LocatingElementHandler.invoke(LocatingElementHandler.java:38)
<<<<<<< HEAD
	at com.sun.proxy.$Proxy14.sendKeys(Unknown Source)
	at nastya.Sprint2TradeInTest.tradeYourCar(Sprint2TradeInTest.java:33)
=======
	at com.sun.proxy.$Proxy18.click(Unknown Source)
	at elena.Sprint2DataPrTitleCheckTest.titleCheck(Sprint2DataPrTitleCheckTest.java:24)
>>>>>>> 77cebd4f43fa77ea2730773454b7e9a3729dc1f4
	at sun.reflect.NativeMethodAccessorImpl.invoke0(Native Method)
	at sun.reflect.NativeMethodAccessorImpl.invoke(Unknown Source)
	at sun.reflect.DelegatingMethodAccessorImpl.invoke(Unknown Source)
	at java.lang.reflect.Method.invoke(Unknown Source)
	at org.testng.internal.MethodInvocationHelper.invokeMethod(MethodInvocationHelper.java:132)
	at org.testng.internal.TestInvoker.invokeMethod(TestInvoker.java:599)
	at org.testng.internal.TestInvoker.invokeTestMethod(TestInvoker.java:174)
	at org.testng.internal.MethodRunner.runInSequence(MethodRunner.java:46)
	at org.testng.internal.TestInvoker$MethodInvocationAgent.invoke(TestInvoker.java:822)
	at org.testng.internal.TestInvoker.invokeTestMethods(TestInvoker.java:147)
	at org.testng.internal.TestMethodWorker.invokeTestMethods(TestMethodWorker.java:146)
	at org.testng.internal.TestMethodWorker.run(TestMethodWorker.java:128)
	at java.util.ArrayList.forEach(Unknown Source)
	at org.testng.TestRunner.privateRun(TestRunner.java:764)
	at org.testng.TestRunner.run(TestRunner.java:585)
	at org.testng.SuiteRunner.runTest(SuiteRunner.java:384)
	at org.testng.SuiteRunner.runSequentially(SuiteRunner.java:378)
	at org.testng.SuiteRunner.privateRun(SuiteRunner.java:337)
	at org.testng.SuiteRunner.run(SuiteRunner.java:286)
	at org.testng.SuiteRunnerWorker.runSuite(SuiteRunnerWorker.java:53)
	at org.testng.SuiteRunnerWorker.run(SuiteRunnerWorker.java:96)
	at org.testng.TestNG.runSuitesSequentially(TestNG.java:1218)
	at org.testng.TestNG.runSuitesLocally(TestNG.java:1140)
	at org.testng.TestNG.runSuites(TestNG.java:1069)
	at org.testng.TestNG.run(TestNG.java:1037)
	at org.testng.remote.AbstractRemoteTestNG.run(AbstractRemoteTestNG.java:115)
	at org.testng.remote.RemoteTestNG.initAndRun(RemoteTestNG.java:251)
	at org.testng.remote.RemoteTestNG.main(RemoteTestNG.java:77)

</div> <!-- stack-trace -->
<<<<<<< HEAD
=======
                </div> <!-- method-content -->
              </div> <!-- method -->
            </div> <!-- main-panel-content rounded-window-bottom -->
          </div> <!-- suite-Default_suite-class-failed -->
          <div class="suite-Default_suite-class-passed">
            <div class="main-panel-header rounded-window-top">
              <img src="passed.png"/>
<<<<<<< HEAD
              <span class="class-name">furkan.Sprint2TradeInTest</span>
=======
              <span class="class-name">elena.Sprint2DataPrTitleCheckTest</span>
>>>>>>> 463c47c105f8731c3e1cd37c8420d40efe4d02a4
>>>>>>> fa568acf8d530b374de9b258a7579acdaafa9ca0
            </div> <!-- main-panel-header rounded-window-top -->
            <div class="main-panel-content rounded-window-bottom">
              <div class="method">
                <div class="method-content">
<<<<<<< HEAD
                  <a name="shopByYear">
                  </a> <!-- shopByYear -->
                  <span class="method-name">shopByYear</span>
=======
<<<<<<< HEAD
                  <a name="tradeIn">
                  </a> <!-- tradeIn -->
                  <span class="method-name">tradeIn</span>
=======
                  <a name="titleCheck(Ford)">
                  </a> <!-- titleCheck(Ford) -->
                  <span class="method-name">titleCheck</span>
                  <span class="parameters">(Ford)</span>
>>>>>>> 77cebd4f43fa77ea2730773454b7e9a3729dc1f4
                </div> <!-- method-content -->
              </div> <!-- method -->
              <div class="method">
                <div class="method-content">
<<<<<<< HEAD
                  <a name="tradeYourCar(2013, Volkswagen, Jetta, 190000)">
                  </a> <!-- tradeYourCar(2013, Volkswagen, Jetta, 190000) -->
                  <span class="method-name">tradeYourCar</span>
                  <span class="parameters">(2013, Volkswagen, Jetta, 190000)</span>
                  <div class="stack-trace">org.openqa.selenium.NoSuchElementException: no such element: Unable to locate element: {&quot;method&quot;:&quot;xpath&quot;,&quot;selector&quot;:&quot;(//select[@class=&apos;mdc-select__native-control&apos;])[2]&quot;}
  (Session info: chrome=88.0.4324.104)
For documentation on this error, please visit: https://www.seleniumhq.org/exceptions/no_such_element.html
Build info: version: &apos;3.141.59&apos;, revision: &apos;e82be7d358&apos;, time: &apos;2018-11-14T08:17:03&apos;
System info: host: &apos;DESKTOP-AGAQ1MP&apos;, ip: &apos;192.168.1.249&apos;, os.name: &apos;Windows 10&apos;, os.arch: &apos;amd64&apos;, os.version: &apos;10.0&apos;, java.version: &apos;1.8.0_261&apos;
Driver info: org.openqa.selenium.chrome.ChromeDriver
Capabilities {acceptInsecureCerts: false, browserName: chrome, browserVersion: 88.0.4324.104, chrome: {chromedriverVersion: 88.0.4324.96 (68dba2d8a0b14..., userDataDir: C:\Users\tasia\AppData\Loca...}, goog:chromeOptions: {debuggerAddress: localhost:50988}, javascriptEnabled: true, networkConnectionEnabled: false, pageLoadStrategy: normal, platform: WINDOWS, platformName: WINDOWS, proxy: Proxy(), setWindowRect: true, strictFileInteractability: false, timeouts: {implicit: 0, pageLoad: 300000, script: 30000}, unhandledPromptBehavior: dismiss and notify, webauthn:extension:largeBlob: true, webauthn:virtualAuthenticators: true}
Session ID: 283938adfe70133fc5924d59484a5d68
*** Element info: {Using=xpath, value=(//select[@class=&apos;mdc-select__native-control&apos;])[2]}
	at sun.reflect.NativeConstructorAccessorImpl.newInstance0(Native Method)
	at sun.reflect.NativeConstructorAccessorImpl.newInstance(Unknown Source)
	at sun.reflect.DelegatingConstructorAccessorImpl.newInstance(Unknown Source)
	at java.lang.reflect.Constructor.newInstance(Unknown Source)
	at org.openqa.selenium.remote.http.W3CHttpResponseCodec.createException(W3CHttpResponseCodec.java:187)
	at org.openqa.selenium.remote.http.W3CHttpResponseCodec.decode(W3CHttpResponseCodec.java:122)
	at org.openqa.selenium.remote.http.W3CHttpResponseCodec.decode(W3CHttpResponseCodec.java:49)
	at org.openqa.selenium.remote.HttpCommandExecutor.execute(HttpCommandExecutor.java:158)
	at org.openqa.selenium.remote.service.DriverCommandExecutor.execute(DriverCommandExecutor.java:83)
	at org.openqa.selenium.remote.RemoteWebDriver.execute(RemoteWebDriver.java:552)
	at org.openqa.selenium.remote.RemoteWebDriver.findElement(RemoteWebDriver.java:323)
	at org.openqa.selenium.remote.RemoteWebDriver.findElementByXPath(RemoteWebDriver.java:428)
	at org.openqa.selenium.By$ByXPath.findElement(By.java:353)
	at org.openqa.selenium.remote.RemoteWebDriver.findElement(RemoteWebDriver.java:315)
	at org.openqa.selenium.support.pagefactory.DefaultElementLocator.findElement(DefaultElementLocator.java:69)
	at org.openqa.selenium.support.pagefactory.internal.LocatingElementHandler.invoke(LocatingElementHandler.java:38)
	at com.sun.proxy.$Proxy14.getTagName(Unknown Source)
	at org.openqa.selenium.support.ui.Select.&lt;init&gt;(Select.java:45)
	at nastya.Sprint2TradeInTest.tradeYourCar(Sprint2TradeInTest.java:39)
	at sun.reflect.NativeMethodAccessorImpl.invoke0(Native Method)
	at sun.reflect.NativeMethodAccessorImpl.invoke(Unknown Source)
	at sun.reflect.DelegatingMethodAccessorImpl.invoke(Unknown Source)
	at java.lang.reflect.Method.invoke(Unknown Source)
	at org.testng.internal.MethodInvocationHelper.invokeMethod(MethodInvocationHelper.java:132)
	at org.testng.internal.TestInvoker.invokeMethod(TestInvoker.java:599)
	at org.testng.internal.TestInvoker.invokeTestMethod(TestInvoker.java:174)
	at org.testng.internal.MethodRunner.runInSequence(MethodRunner.java:46)
	at org.testng.internal.TestInvoker$MethodInvocationAgent.invoke(TestInvoker.java:822)
	at org.testng.internal.TestInvoker.invokeTestMethods(TestInvoker.java:147)
	at org.testng.internal.TestMethodWorker.invokeTestMethods(TestMethodWorker.java:146)
	at org.testng.internal.TestMethodWorker.run(TestMethodWorker.java:128)
	at java.util.ArrayList.forEach(Unknown Source)
	at org.testng.TestRunner.privateRun(TestRunner.java:764)
	at org.testng.TestRunner.run(TestRunner.java:585)
	at org.testng.SuiteRunner.runTest(SuiteRunner.java:384)
	at org.testng.SuiteRunner.runSequentially(SuiteRunner.java:378)
	at org.testng.SuiteRunner.privateRun(SuiteRunner.java:337)
	at org.testng.SuiteRunner.run(SuiteRunner.java:286)
	at org.testng.SuiteRunnerWorker.runSuite(SuiteRunnerWorker.java:53)
	at org.testng.SuiteRunnerWorker.run(SuiteRunnerWorker.java:96)
	at org.testng.TestNG.runSuitesSequentially(TestNG.java:1218)
	at org.testng.TestNG.runSuitesLocally(TestNG.java:1140)
	at org.testng.TestNG.runSuites(TestNG.java:1069)
	at org.testng.TestNG.run(TestNG.java:1037)
	at org.testng.remote.AbstractRemoteTestNG.run(AbstractRemoteTestNG.java:115)
	at org.testng.remote.RemoteTestNG.initAndRun(RemoteTestNG.java:251)
	at org.testng.remote.RemoteTestNG.main(RemoteTestNG.java:77)

</div> <!-- stack-trace -->
=======
                  <a name="titleCheck(GMC)">
                  </a> <!-- titleCheck(GMC) -->
                  <span class="method-name">titleCheck</span>
                  <span class="parameters">(GMC)</span>
>>>>>>> 77cebd4f43fa77ea2730773454b7e9a3729dc1f4
                </div> <!-- method-content -->
              </div> <!-- method -->
              <div class="method">
                <div class="method-content">
<<<<<<< HEAD
                  <a name="tradeYourCar(2009, Mercedes-Benz, ML550, 7000)">
                  </a> <!-- tradeYourCar(2009, Mercedes-Benz, ML550, 7000) -->
                  <span class="method-name">tradeYourCar</span>
                  <span class="parameters">(2009, Mercedes-Benz, ML550, 7000)</span>
                  <div class="stack-trace">org.openqa.selenium.NoSuchElementException: no such element: Unable to locate element: {&quot;method&quot;:&quot;xpath&quot;,&quot;selector&quot;:&quot;(//input[@class=&apos;mdc-text-field__input&apos;])[3]&quot;}
  (Session info: chrome=88.0.4324.104)
For documentation on this error, please visit: https://www.seleniumhq.org/exceptions/no_such_element.html
Build info: version: &apos;3.141.59&apos;, revision: &apos;e82be7d358&apos;, time: &apos;2018-11-14T08:17:03&apos;
System info: host: &apos;DESKTOP-AGAQ1MP&apos;, ip: &apos;192.168.1.249&apos;, os.name: &apos;Windows 10&apos;, os.arch: &apos;amd64&apos;, os.version: &apos;10.0&apos;, java.version: &apos;1.8.0_261&apos;
Driver info: org.openqa.selenium.chrome.ChromeDriver
Capabilities {acceptInsecureCerts: false, browserName: chrome, browserVersion: 88.0.4324.104, chrome: {chromedriverVersion: 88.0.4324.96 (68dba2d8a0b14..., userDataDir: C:\Users\tasia\AppData\Loca...}, goog:chromeOptions: {debuggerAddress: localhost:50988}, javascriptEnabled: true, networkConnectionEnabled: false, pageLoadStrategy: normal, platform: WINDOWS, platformName: WINDOWS, proxy: Proxy(), setWindowRect: true, strictFileInteractability: false, timeouts: {implicit: 0, pageLoad: 300000, script: 30000}, unhandledPromptBehavior: dismiss and notify, webauthn:extension:largeBlob: true, webauthn:virtualAuthenticators: true}
Session ID: 283938adfe70133fc5924d59484a5d68
*** Element info: {Using=xpath, value=(//input[@class=&apos;mdc-text-field__input&apos;])[3]}
	at sun.reflect.NativeConstructorAccessorImpl.newInstance0(Native Method)
	at sun.reflect.NativeConstructorAccessorImpl.newInstance(Unknown Source)
	at sun.reflect.DelegatingConstructorAccessorImpl.newInstance(Unknown Source)
	at java.lang.reflect.Constructor.newInstance(Unknown Source)
	at org.openqa.selenium.remote.http.W3CHttpResponseCodec.createException(W3CHttpResponseCodec.java:187)
	at org.openqa.selenium.remote.http.W3CHttpResponseCodec.decode(W3CHttpResponseCodec.java:122)
	at org.openqa.selenium.remote.http.W3CHttpResponseCodec.decode(W3CHttpResponseCodec.java:49)
	at org.openqa.selenium.remote.HttpCommandExecutor.execute(HttpCommandExecutor.java:158)
	at org.openqa.selenium.remote.service.DriverCommandExecutor.execute(DriverCommandExecutor.java:83)
	at org.openqa.selenium.remote.RemoteWebDriver.execute(RemoteWebDriver.java:552)
	at org.openqa.selenium.remote.RemoteWebDriver.findElement(RemoteWebDriver.java:323)
	at org.openqa.selenium.remote.RemoteWebDriver.findElementByXPath(RemoteWebDriver.java:428)
	at org.openqa.selenium.By$ByXPath.findElement(By.java:353)
	at org.openqa.selenium.remote.RemoteWebDriver.findElement(RemoteWebDriver.java:315)
	at org.openqa.selenium.support.pagefactory.DefaultElementLocator.findElement(DefaultElementLocator.java:69)
	at org.openqa.selenium.support.pagefactory.internal.LocatingElementHandler.invoke(LocatingElementHandler.java:38)
	at com.sun.proxy.$Proxy14.sendKeys(Unknown Source)
	at nastya.Sprint2TradeInTest.tradeYourCar(Sprint2TradeInTest.java:33)
	at sun.reflect.NativeMethodAccessorImpl.invoke0(Native Method)
	at sun.reflect.NativeMethodAccessorImpl.invoke(Unknown Source)
	at sun.reflect.DelegatingMethodAccessorImpl.invoke(Unknown Source)
	at java.lang.reflect.Method.invoke(Unknown Source)
	at org.testng.internal.MethodInvocationHelper.invokeMethod(MethodInvocationHelper.java:132)
	at org.testng.internal.TestInvoker.invokeMethod(TestInvoker.java:599)
	at org.testng.internal.TestInvoker.invokeTestMethod(TestInvoker.java:174)
	at org.testng.internal.MethodRunner.runInSequence(MethodRunner.java:46)
	at org.testng.internal.TestInvoker$MethodInvocationAgent.invoke(TestInvoker.java:822)
	at org.testng.internal.TestInvoker.invokeTestMethods(TestInvoker.java:147)
	at org.testng.internal.TestMethodWorker.invokeTestMethods(TestMethodWorker.java:146)
	at org.testng.internal.TestMethodWorker.run(TestMethodWorker.java:128)
	at java.util.ArrayList.forEach(Unknown Source)
	at org.testng.TestRunner.privateRun(TestRunner.java:764)
	at org.testng.TestRunner.run(TestRunner.java:585)
	at org.testng.SuiteRunner.runTest(SuiteRunner.java:384)
	at org.testng.SuiteRunner.runSequentially(SuiteRunner.java:378)
	at org.testng.SuiteRunner.privateRun(SuiteRunner.java:337)
	at org.testng.SuiteRunner.run(SuiteRunner.java:286)
	at org.testng.SuiteRunnerWorker.runSuite(SuiteRunnerWorker.java:53)
	at org.testng.SuiteRunnerWorker.run(SuiteRunnerWorker.java:96)
	at org.testng.TestNG.runSuitesSequentially(TestNG.java:1218)
	at org.testng.TestNG.runSuitesLocally(TestNG.java:1140)
	at org.testng.TestNG.runSuites(TestNG.java:1069)
	at org.testng.TestNG.run(TestNG.java:1037)
	at org.testng.remote.AbstractRemoteTestNG.run(AbstractRemoteTestNG.java:115)
	at org.testng.remote.RemoteTestNG.initAndRun(RemoteTestNG.java:251)
	at org.testng.remote.RemoteTestNG.main(RemoteTestNG.java:77)

</div> <!-- stack-trace -->
                </div> <!-- method-content -->
              </div> <!-- method -->
            </div> <!-- main-panel-content rounded-window-bottom -->
          </div> <!-- suite-Default_suite-class-failed -->
        </div> <!-- panel Default_suite -->
        <div panel-name="test-xml-Default_suite" class="panel">
          <div class="main-panel-header rounded-window-top">
            <span class="header-content">C:\Users\tasia\AppData\Local\Temp\testng-eclipse--1214505399\testng-customsuite.xml</span>
=======
                  <a name="titleCheck(Toyota)">
                  </a> <!-- titleCheck(Toyota) -->
                  <span class="method-name">titleCheck</span>
                  <span class="parameters">(Toyota)</span>
                </div> <!-- method-content -->
              </div> <!-- method -->
              <div class="method">
                <div class="method-content">
                  <a name="titleCheck(Chevrolet)">
                  </a> <!-- titleCheck(Chevrolet) -->
                  <span class="method-name">titleCheck</span>
                  <span class="parameters">(Chevrolet)</span>
                </div> <!-- method-content -->
              </div> <!-- method -->
              <div class="method">
                <div class="method-content">
                  <a name="titleCheck(Lexus)">
                  </a> <!-- titleCheck(Lexus) -->
                  <span class="method-name">titleCheck</span>
                  <span class="parameters">(Lexus)</span>
>>>>>>> 463c47c105f8731c3e1cd37c8420d40efe4d02a4
>>>>>>> fa568acf8d530b374de9b258a7579acdaafa9ca0
                </div> <!-- method-content -->
              </div> <!-- method -->
            </div> <!-- main-panel-content rounded-window-bottom -->
          </div> <!-- suite-Default_suite-class-passed -->
        </div> <!-- panel Default_suite -->
        <div panel-name="test-xml-Default_suite" class="panel">
          <div class="main-panel-header rounded-window-top">
<<<<<<< HEAD
            <span class="header-content">C:\Users\Elena P\AppData\Local\Temp\testng-eclipse--2073342007\testng-customsuite.xml</span>
=======
<<<<<<< HEAD
            <span class="header-content">/private/var/folders/rh/dd6l5tjd20d12np0w7qfkvn40000gn/T/testng-eclipse--783142672/testng-customsuite.xml</span>
=======
            <span class="header-content">C:\Users\Elena P\AppData\Local\Temp\testng-eclipse--1441377481\testng-customsuite.xml</span>
>>>>>>> 77cebd4f43fa77ea2730773454b7e9a3729dc1f4
>>>>>>> 463c47c105f8731c3e1cd37c8420d40efe4d02a4
>>>>>>> fa568acf8d530b374de9b258a7579acdaafa9ca0
          </div> <!-- main-panel-header rounded-window-top -->
          <div class="main-panel-content rounded-window-bottom">
            <pre>
&lt;?xml version=&quot;1.0&quot; encoding=&quot;UTF-8&quot;?&gt;
&lt;!DOCTYPE suite SYSTEM &quot;https://testng.org/testng-1.0.dtd&quot;&gt;
&lt;suite guice-stage=&quot;DEVELOPMENT&quot; name=&quot;Default suite&quot;&gt;
  &lt;test thread-count=&quot;5&quot; verbose=&quot;2&quot; name=&quot;Default test&quot;&gt;
    &lt;classes&gt;
<<<<<<< HEAD
      &lt;class name=&quot;elena.Sprint2ShopByYearTest&quot;/&gt;
=======
<<<<<<< HEAD
      &lt;class name=&quot;furkan.Sprint2TradeInTest&quot;&gt;
        &lt;methods&gt;
          &lt;include name=&quot;tradeIn&quot;/&gt;
        &lt;/methods&gt;
      &lt;/class&gt; &lt;!-- furkan.Sprint2TradeInTest --&gt;
=======
<<<<<<< HEAD
      &lt;class name=&quot;nastya.Sprint2TradeInTest&quot;&gt;
        &lt;methods&gt;
          &lt;include name=&quot;tradeYourCar&quot;/&gt;
        &lt;/methods&gt;
      &lt;/class&gt; &lt;!-- nastya.Sprint2TradeInTest --&gt;
=======
      &lt;class name=&quot;elena.Sprint2DataPrTitleCheckTest&quot;&gt;
        &lt;methods&gt;
          &lt;include name=&quot;titleCheck&quot;/&gt;
        &lt;/methods&gt;
      &lt;/class&gt; &lt;!-- elena.Sprint2DataPrTitleCheckTest --&gt;
>>>>>>> 77cebd4f43fa77ea2730773454b7e9a3729dc1f4
>>>>>>> 463c47c105f8731c3e1cd37c8420d40efe4d02a4
>>>>>>> fa568acf8d530b374de9b258a7579acdaafa9ca0
    &lt;/classes&gt;
  &lt;/test&gt; &lt;!-- Default test --&gt;
&lt;/suite&gt; &lt;!-- Default suite --&gt;
            </pre>
          </div> <!-- main-panel-content rounded-window-bottom -->
        </div> <!-- panel -->
        <div panel-name="testlist-Default_suite" class="panel">
          <div class="main-panel-header rounded-window-top">
            <span class="header-content">Tests for Default suite</span>
          </div> <!-- main-panel-header rounded-window-top -->
          <div class="main-panel-content rounded-window-bottom">
            <ul>
              <li>
                <span class="test-name">Default test (1 class)</span>
              </li>
            </ul>
          </div> <!-- main-panel-content rounded-window-bottom -->
        </div> <!-- panel -->
        <div panel-name="group-Default_suite" class="panel">
          <div class="main-panel-header rounded-window-top">
            <span class="header-content">Groups for Default suite</span>
          </div> <!-- main-panel-header rounded-window-top -->
          <div class="main-panel-content rounded-window-bottom">
          </div> <!-- main-panel-content rounded-window-bottom -->
        </div> <!-- panel -->
        <div panel-name="times-Default_suite" class="panel">
          <div class="main-panel-header rounded-window-top">
            <span class="header-content">Times for Default suite</span>
          </div> <!-- main-panel-header rounded-window-top -->
          <div class="main-panel-content rounded-window-bottom">
            <div class="times-div">
              <script type="text/javascript">
suiteTableInitFunctions.push('tableData_Default_suite');
function tableData_Default_suite() {
var data = new google.visualization.DataTable();
data.addColumn('number', 'Number');
data.addColumn('string', 'Method');
data.addColumn('string', 'Class');
data.addColumn('number', 'Time (ms)');
<<<<<<< HEAD
data.addRows(1);
data.setCell(0, 0, 0)
data.setCell(0, 1, 'shopByYear')
data.setCell(0, 2, 'elena.Sprint2ShopByYearTest')
data.setCell(0, 3, 25481);
=======
<<<<<<< HEAD
data.addRows(3);
data.setCell(0, 0, 0)
data.setCell(0, 1, 'tradeYourCar')
data.setCell(0, 2, 'nastya.Sprint2TradeInTest')
data.setCell(0, 3, 16118);
data.setCell(1, 0, 1)
data.setCell(1, 1, 'tradeYourCar')
data.setCell(1, 2, 'nastya.Sprint2TradeInTest')
data.setCell(1, 3, 11089);
data.setCell(2, 0, 2)
data.setCell(2, 1, 'tradeYourCar')
data.setCell(2, 2, 'nastya.Sprint2TradeInTest')
data.setCell(2, 3, 11070);
=======
data.addRows(6);
data.setCell(0, 0, 0)
<<<<<<< HEAD
data.setCell(0, 1, 'tradeIn')
data.setCell(0, 2, 'furkan.Sprint2TradeInTest')
data.setCell(0, 3, 20888);
=======
data.setCell(0, 1, 'titleCheck')
data.setCell(0, 2, 'elena.Sprint2DataPrTitleCheckTest')
data.setCell(0, 3, 42416);
data.setCell(1, 0, 1)
data.setCell(1, 1, 'titleCheck')
data.setCell(1, 2, 'elena.Sprint2DataPrTitleCheckTest')
data.setCell(1, 3, 41082);
data.setCell(2, 0, 2)
data.setCell(2, 1, 'titleCheck')
data.setCell(2, 2, 'elena.Sprint2DataPrTitleCheckTest')
data.setCell(2, 3, 40259);
data.setCell(3, 0, 3)
data.setCell(3, 1, 'titleCheck')
data.setCell(3, 2, 'elena.Sprint2DataPrTitleCheckTest')
data.setCell(3, 3, 38614);
data.setCell(4, 0, 4)
data.setCell(4, 1, 'titleCheck')
data.setCell(4, 2, 'elena.Sprint2DataPrTitleCheckTest')
data.setCell(4, 3, 36432);
data.setCell(5, 0, 5)
data.setCell(5, 1, 'titleCheck')
data.setCell(5, 2, 'elena.Sprint2DataPrTitleCheckTest')
data.setCell(5, 3, 10156);
>>>>>>> 77cebd4f43fa77ea2730773454b7e9a3729dc1f4
>>>>>>> 463c47c105f8731c3e1cd37c8420d40efe4d02a4
>>>>>>> fa568acf8d530b374de9b258a7579acdaafa9ca0
window.suiteTableData['Default_suite']= { tableData: data, tableDiv: 'times-div-Default_suite'}
return data;
}
              </script>
<<<<<<< HEAD
              <span class="suite-total-time">Total running time: 25 seconds</span>
=======
<<<<<<< HEAD
              <span class="suite-total-time">Total running time: 20 seconds</span>
=======
<<<<<<< HEAD
              <span class="suite-total-time">Total running time: 38 seconds</span>
=======
              <span class="suite-total-time">Total running time: 3 minutes</span>
>>>>>>> 77cebd4f43fa77ea2730773454b7e9a3729dc1f4
>>>>>>> 463c47c105f8731c3e1cd37c8420d40efe4d02a4
>>>>>>> fa568acf8d530b374de9b258a7579acdaafa9ca0
              <div id="times-div-Default_suite">
              </div> <!-- times-div-Default_suite -->
            </div> <!-- times-div -->
          </div> <!-- main-panel-content rounded-window-bottom -->
        </div> <!-- panel -->
        <div panel-name="reporter-Default_suite" class="panel">
          <div class="main-panel-header rounded-window-top">
            <span class="header-content">Reporter output for Default suite</span>
          </div> <!-- main-panel-header rounded-window-top -->
          <div class="main-panel-content rounded-window-bottom">
          </div> <!-- main-panel-content rounded-window-bottom -->
        </div> <!-- panel -->
        <div panel-name="ignored-methods-Default_suite" class="panel">
          <div class="main-panel-header rounded-window-top">
            <span class="header-content">0 ignored methods</span>
          </div> <!-- main-panel-header rounded-window-top -->
          <div class="main-panel-content rounded-window-bottom">
          </div> <!-- main-panel-content rounded-window-bottom -->
        </div> <!-- panel -->
        <div panel-name="chronological-Default_suite" class="panel">
          <div class="main-panel-header rounded-window-top">
            <span class="header-content">Methods in chronological order</span>
          </div> <!-- main-panel-header rounded-window-top -->
          <div class="main-panel-content rounded-window-bottom">
            <div class="chronological-class">
<<<<<<< HEAD
              <div class="chronological-class-name">elena.Sprint2ShopByYearTest</div> <!-- chronological-class-name -->
=======
<<<<<<< HEAD
              <div class="chronological-class-name">furkan.Sprint2TradeInTest</div> <!-- chronological-class-name -->
=======
<<<<<<< HEAD
              <div class="chronological-class-name">nastya.Sprint2TradeInTest</div> <!-- chronological-class-name -->
=======
              <div class="chronological-class-name">elena.Sprint2DataPrTitleCheckTest</div> <!-- chronological-class-name -->
>>>>>>> 77cebd4f43fa77ea2730773454b7e9a3729dc1f4
>>>>>>> 463c47c105f8731c3e1cd37c8420d40efe4d02a4
>>>>>>> fa568acf8d530b374de9b258a7579acdaafa9ca0
              <div class="configuration-suite before">
                <span class="method-name">setUpReport</span>
                <span class="method-start">0 ms</span>
              </div> <!-- configuration-suite before -->
              <div class="configuration-method before">
<<<<<<< HEAD
                <span class="method-name">setupMethod(org.testng.TestRunner@5bfc257)</span>
                <span class="method-start">322 ms</span>
              </div> <!-- configuration-method before -->
              <div class="test-method">
                <img src="failed.png">
                </img>
                <span class="method-name">tradeYourCar(2013, Volkswagen, Jetta, 190000)</span>
                <span class="method-start">5702 ms</span>
              </div> <!-- test-method -->
              <div class="configuration-method after">
                <span class="method-name">teardownMethod([TestResult name=tradeYourCar status=FAILURE method=Sprint2TradeInTest.tradeYourCar(java.lang.String...)</span>
                <span class="method-start">21824 ms</span>
              </div> <!-- configuration-method after -->
              <div class="configuration-method before">
                <span class="method-name">setupMethod(org.testng.TestRunner@5bfc257)</span>
                <span class="method-start">22396 ms</span>
              </div> <!-- configuration-method before -->
              <div class="test-method">
                <img src="failed.png">
                </img>
                <span class="method-name">tradeYourCar(2015, Honda, Civic, 9000)</span>
                <span class="method-start">26141 ms</span>
              </div> <!-- test-method -->
              <div class="configuration-method after">
                <span class="method-name">teardownMethod([TestResult name=tradeYourCar status=FAILURE method=Sprint2TradeInTest.tradeYourCar(java.lang.String...)</span>
                <span class="method-start">37233 ms</span>
              </div> <!-- configuration-method after -->
              <div class="configuration-method before">
                <span class="method-name">setupMethod(org.testng.TestRunner@5bfc257)</span>
                <span class="method-start">37925 ms</span>
              </div> <!-- configuration-method before -->
              <div class="test-method">
                <img src="failed.png">
                </img>
                <span class="method-name">tradeYourCar(2009, Mercedes-Benz, ML550, 7000)</span>
                <span class="method-start">45501 ms</span>
              </div> <!-- test-method -->
              <div class="configuration-method after">
                <span class="method-name">teardownMethod([TestResult name=tradeYourCar status=FAILURE method=Sprint2TradeInTest.tradeYourCar(java.lang.String...)</span>
                <span class="method-start">56573 ms</span>
              </div> <!-- configuration-method after -->
              <div class="configuration-suite after">
                <span class="method-name">tearDownReport</span>
                <span class="method-start">57273 ms</span>
=======
                <span class="method-name">setupMethod(null)</span>
                <span class="method-start">287 ms</span>
              </div> <!-- configuration-method before -->
              <div class="test-method">
<<<<<<< HEAD
                <span class="method-name">shopByYear</span>
                <span class="method-start">11952 ms</span>
=======
                <span class="method-name">titleCheck(GMC)</span>
                <span class="method-start">8924 ms</span>
              </div> <!-- test-method -->
              <div class="configuration-method after">
                <span class="method-name">teardownMethod([TestResult name=titleCheck status=SUCCESS method=Sprint2DataPrTitleCheckTest.titleCheck(java.lang.S...)</span>
                <span class="method-start">51343 ms</span>
              </div> <!-- configuration-method after -->
              <div class="configuration-method before">
                <span class="method-name">setupMethod(null)</span>
                <span class="method-start">52200 ms</span>
              </div> <!-- configuration-method before -->
              <div class="test-method">
                <span class="method-name">titleCheck(Toyota)</span>
                <span class="method-start">62540 ms</span>
              </div> <!-- test-method -->
              <div class="configuration-method after">
                <span class="method-name">teardownMethod([TestResult name=titleCheck status=SUCCESS method=Sprint2DataPrTitleCheckTest.titleCheck(java.lang.S...)</span>
                <span class="method-start">103624 ms</span>
              </div> <!-- configuration-method after -->
              <div class="configuration-method before">
                <span class="method-name">setupMethod(null)</span>
                <span class="method-start">104513 ms</span>
              </div> <!-- configuration-method before -->
              <div class="test-method">
                <img src="failed.png">
                </img>
                <span class="method-name">titleCheck(Dodge)</span>
                <span class="method-start">111897 ms</span>
              </div> <!-- test-method -->
              <div class="configuration-method after">
                <span class="method-name">teardownMethod([TestResult name=titleCheck status=FAILURE method=Sprint2DataPrTitleCheckTest.titleCheck(java.lang.S...)</span>
                <span class="method-start">122056 ms</span>
              </div> <!-- configuration-method after -->
              <div class="configuration-method before">
                <span class="method-name">setupMethod(null)</span>
                <span class="method-start">123572 ms</span>
              </div> <!-- configuration-method before -->
              <div class="test-method">
                <span class="method-name">titleCheck(Ford)</span>
                <span class="method-start">131049 ms</span>
              </div> <!-- test-method -->
              <div class="configuration-method after">
                <span class="method-name">teardownMethod([TestResult name=titleCheck status=SUCCESS method=Sprint2DataPrTitleCheckTest.titleCheck(java.lang.S...)</span>
                <span class="method-start">171309 ms</span>
              </div> <!-- configuration-method after -->
              <div class="configuration-method before">
                <span class="method-name">setupMethod(null)</span>
                <span class="method-start">172115 ms</span>
              </div> <!-- configuration-method before -->
              <div class="test-method">
                <span class="method-name">titleCheck(Lexus)</span>
                <span class="method-start">179461 ms</span>
              </div> <!-- test-method -->
              <div class="configuration-method after">
                <span class="method-name">teardownMethod([TestResult name=titleCheck status=SUCCESS method=Sprint2DataPrTitleCheckTest.titleCheck(java.lang.S...)</span>
                <span class="method-start">215894 ms</span>
              </div> <!-- configuration-method after -->
              <div class="configuration-method before">
                <span class="method-name">setupMethod(null)</span>
<<<<<<< HEAD
                <span class="method-start">231 ms</span>
              </div> <!-- configuration-method before -->
              <div class="test-method">
                <span class="method-name">tradeIn</span>
                <span class="method-start">3889 ms</span>
              </div> <!-- test-method -->
              <div class="configuration-method after">
                <span class="method-name">teardownMethod([TestResult name=tradeIn status=SUCCESS method=Sprint2TradeInTest.tradeIn()[pri:0, instance:furkan.S...)</span>
                <span class="method-start">24778 ms</span>
              </div> <!-- configuration-method after -->
              <div class="configuration-suite after">
                <span class="method-name">tearDownReport</span>
                <span class="method-start">24929 ms</span>
=======
                <span class="method-start">216720 ms</span>
              </div> <!-- configuration-method before -->
              <div class="test-method">
                <span class="method-name">titleCheck(Chevrolet)</span>
                <span class="method-start">226914 ms</span>
>>>>>>> fa568acf8d530b374de9b258a7579acdaafa9ca0
              </div> <!-- test-method -->
              <div class="configuration-method after">
                <span class="method-name">teardownMethod([TestResult name=shopByYear status=SUCCESS method=Sprint2ShopByYearTest.shopByYear()[pri:0, instance...)</span>
                <span class="method-start">37436 ms</span>
              </div> <!-- configuration-method after -->
              <div class="configuration-suite after">
                <span class="method-name">tearDownReport</span>
<<<<<<< HEAD
                <span class="method-start">38303 ms</span>
=======
                <span class="method-start">266426 ms</span>
>>>>>>> 77cebd4f43fa77ea2730773454b7e9a3729dc1f4
>>>>>>> 463c47c105f8731c3e1cd37c8420d40efe4d02a4
>>>>>>> fa568acf8d530b374de9b258a7579acdaafa9ca0
              </div> <!-- configuration-suite after -->
          </div> <!-- main-panel-content rounded-window-bottom -->
        </div> <!-- panel -->
      </div> <!-- main-panel-root -->
    </div> <!-- wrapper -->
  </body>
<script type="text/javascript" src="testng-reports2.js"></script>
</html>
